<?xml version="1.0" encoding="UTF-8"?>
<testsuite xmlns:xsi="http://www.w3.org/2001/XMLSchema-instance" xsi:noNamespaceSchemaLocation="https://maven.apache.org/surefire/maven-surefire-plugin/xsd/surefire-test-report.xsd" name="Account Page Feature" time="13.891" tests="2" errors="0" skipped="0" failures="0">
  <properties>
[...]
</properties>
  <testcase name="Accounts page title" classname="Account Page Feature" time="7.906"/>
  <testcase name="Accounts section count" classname="Account Page Feature" time="5.982"/>
</testsuite>